<?xml version="1.0" encoding="UTF-8"?>
<!-- Generated by org.testng.reporters.JUnitReportReporter -->
<testsuite hostname="DESKTOP-8CID97K" failures="0" tests="1" name="screenshot.FullPageScreenshot" time="21.409" errors="0" timestamp="2022-04-23T10:36:36 IST" skipped="0">
  <testcase classname="screenshot.FullPageScreenshot" name="fullPageScreenshot" time="21.409"/>
  <system-out/>
</testsuite> <!-- screenshot.FullPageScreenshot -->
