<?xml version="1.0" encoding="UTF-8"?>
<!-- Generated by org.testng.reporters.JUnitReportReporter -->
<testsuite hostname="DESKTOP-8CID97K" failures="0" tests="4" name="testNG.CrossBrowserTesting" time="15.725" errors="0" timestamp="2022-04-22T08:50:01 IST" skipped="0">
  <testcase classname="testNG.CrossBrowserTesting" name="f" time="0.002"/>
  <system-out/>
  <testcase classname="testNG.CrossBrowserTesting" name="f" time="0.004"/>
  <system-out/>
  <testcase classname="testNG.CrossBrowserTesting" name="Run" time="6.685"/>
  <system-out/>
  <testcase classname="testNG.CrossBrowserTesting" name="Run" time="9.034"/>
  <system-out/>
</testsuite> <!-- testNG.CrossBrowserTesting -->
