<?xml version="1.0" encoding="UTF-8"?>
<!-- Generated by org.testng.reporters.JUnitReportReporter -->
<testsuite hostname="DESKTOP-8CID97K" failures="0" tests="2" name="testNG.IncludeExclude" time="7.833" errors="0" timestamp="2022-04-21T08:34:08 IST" skipped="0">
  <testcase classname="testNG.IncludeExclude" name="selenium" time="2.606"/>
  <system-out/>
  <testcase classname="testNG.IncludeExclude" name="facebook" time="5.227"/>
  <system-out/>
</testsuite> <!-- testNG.IncludeExclude -->
