<?xml version="1.0" encoding="UTF-8"?>
<!-- Generated by org.testng.reporters.JUnitReportReporter -->
<testsuite hostname="DESKTOP-8CID97K" failures="0" tests="1" name="dataDriven.DataDrivenDemoOne" time="14.000" errors="0" timestamp="2022-05-09T10:15:51 IST" skipped="0">
  <testcase classname="dataDriven.DataDrivenDemoOne" name="prakampanamLogin" time="14.000"/>
  <system-out/>
</testsuite> <!-- dataDriven.DataDrivenDemoOne -->
