<?xml version="1.0" encoding="UTF-8"?>
<!-- Generated by org.testng.reporters.JUnitReportReporter -->
<testsuite hostname="DESKTOP-8CID97K" failures="0" tests="1" name="dataDriven.DataDrivenValidationResults" time="56.704" errors="0" timestamp="2022-05-10T08:09:22 IST" skipped="0">
  <testcase classname="dataDriven.DataDrivenValidationResults" name="PrintTestResultsinSheet" time="56.704"/>
  <system-out/>
</testsuite> <!-- dataDriven.DataDrivenValidationResults -->
