<?xml version="1.0" encoding="UTF-8"?>
<!-- Generated by org.testng.reporters.JUnitReportReporter -->
<testsuite hostname="DESKTOP-8CID97K" failures="0" tests="1" name="screenshot.TimeFormatScreenshot" time="8.562" errors="0" timestamp="2022-05-11T09:05:57 IST" skipped="0">
  <testcase classname="screenshot.TimeFormatScreenshot" name="TakeScreenShot" time="8.562"/>
  <system-out/>
</testsuite> <!-- screenshot.TimeFormatScreenshot -->
