<?xml version="1.0" encoding="UTF-8"?>
<!-- Generated by org.testng.reporters.JUnitReportReporter -->
<testsuite hostname="DESKTOP-8CID97K" failures="0" tests="1" name="webDriver.HandleWindowAlert" time="12.146" errors="0" timestamp="2022-05-10T08:56:48 IST" skipped="0">
  <testcase classname="webDriver.HandleWindowAlert" name="irctc" time="12.146"/>
  <system-out/>
</testsuite> <!-- webDriver.HandleWindowAlert -->
