<?xml version="1.0" encoding="UTF-8"?>
<!-- Generated by org.testng.reporters.JUnitReportReporter -->
<testsuite hostname="DESKTOP-8CID97K" failures="0" tests="1" name="sikuli.SikuliDesktopWeb" time="0.687" errors="1" timestamp="2022-04-26T08:49:04 IST" skipped="0">
  <testcase classname="sikuli.SikuliDesktopWeb" name="sikuli" time="0.687">
    <error message="&#039;com.sun.jna.Library com.sun.jna.Native.load(java.lang.String, java.lang.Class, java.util.Map)&#039;" type="java.lang.NoSuchMethodError">
      <![CDATA[java.lang.NoSuchMethodError: 'com.sun.jna.Library com.sun.jna.Native.load(java.lang.String, java.lang.Class, java.util.Map)'
at org.sikuli.natives.SXUser32.<clinit>(SXUser32.java:13)
at org.sikuli.natives.WinUtil.<clinit>(WinUtil.java:495)
at org.sikuli.script.support.RunTime.addToWindowsSystemPath(RunTime.java:1462)
at org.sikuli.script.support.RunTime.libsExport(RunTime.java:1403)
at org.sikuli.script.support.RunTime.libsLoad(RunTime.java:1232)
at org.sikuli.script.support.RunTime.loadLibrary(RunTime.java:1434)
at org.sikuli.script.Finder$Finder2.<clinit>(Finder.java:538)
at org.sikuli.script.Finder$FindInput2.<clinit>(Finder.java:1167)
at org.sikuli.script.Finder.<init>(Finder.java:34)
at org.sikuli.script.Region.doCheckLastSeenAndCreateFinder(Region.java:2907)
at org.sikuli.script.Region.checkLastSeenAndCreateFinder(Region.java:2868)
at org.sikuli.script.Region.doFind(Region.java:2797)
at org.sikuli.script.Region.access$200(Region.java:29)
at org.sikuli.script.Region$RepeatableFind.run(Region.java:3057)
at org.sikuli.script.Region$Repeatable.repeat(Region.java:3002)
at org.sikuli.script.Region.wait(Region.java:2200)
at org.sikuli.script.Region.wait(Region.java:2244)
at org.sikuli.script.Region.getLocationFromTarget(Region.java:3298)
at org.sikuli.script.Region.click(Region.java:3916)
at org.sikuli.script.Region.click(Region.java:3892)
at sikuli.SikuliDesktopWeb.sikuli(SikuliDesktopWeb.java:15)
at java.base/jdk.internal.reflect.NativeMethodAccessorImpl.invoke0(Native Method)
at java.base/jdk.internal.reflect.NativeMethodAccessorImpl.invoke(NativeMethodAccessorImpl.java:78)
at java.base/jdk.internal.reflect.DelegatingMethodAccessorImpl.invoke(DelegatingMethodAccessorImpl.java:43)
at java.base/java.lang.reflect.Method.invoke(Method.java:567)
at org.testng.internal.MethodInvocationHelper.invokeMethod(MethodInvocationHelper.java:133)
at org.testng.internal.TestInvoker.invokeMethod(TestInvoker.java:598)
at org.testng.internal.TestInvoker.invokeTestMethod(TestInvoker.java:173)
at org.testng.internal.MethodRunner.runInSequence(MethodRunner.java:46)
at org.testng.internal.TestInvoker$MethodInvocationAgent.invoke(TestInvoker.java:824)
at org.testng.internal.TestInvoker.invokeTestMethods(TestInvoker.java:146)
at org.testng.internal.TestMethodWorker.invokeTestMethods(TestMethodWorker.java:146)
at org.testng.internal.TestMethodWorker.run(TestMethodWorker.java:128)
at java.base/java.util.ArrayList.forEach(ArrayList.java:1511)
at org.testng.TestRunner.privateRun(TestRunner.java:794)
at org.testng.TestRunner.run(TestRunner.java:596)
at org.testng.SuiteRunner.runTest(SuiteRunner.java:377)
at org.testng.SuiteRunner.runSequentially(SuiteRunner.java:371)
at org.testng.SuiteRunner.privateRun(SuiteRunner.java:332)
at org.testng.SuiteRunner.run(SuiteRunner.java:276)
at org.testng.SuiteRunnerWorker.runSuite(SuiteRunnerWorker.java:53)
at org.testng.SuiteRunnerWorker.run(SuiteRunnerWorker.java:96)
at org.testng.TestNG.runSuitesSequentially(TestNG.java:1212)
at org.testng.TestNG.runSuitesLocally(TestNG.java:1134)
at org.testng.TestNG.runSuites(TestNG.java:1063)
at org.testng.TestNG.run(TestNG.java:1031)
at org.testng.remote.AbstractRemoteTestNG.run(AbstractRemoteTestNG.java:115)
at org.testng.remote.RemoteTestNG.initAndRun(RemoteTestNG.java:251)
at org.testng.remote.RemoteTestNG.main(RemoteTestNG.java:77)
]]>
    </error>
  </testcase> <!-- sikuli -->
  <system-out/>
</testsuite> <!-- sikuli.SikuliDesktopWeb -->
