<?xml version="1.0" encoding="UTF-8"?>
<!-- Generated by org.testng.reporters.JUnitReportReporter -->
<testsuite hostname="DESKTOP-8CID97K" failures="0" tests="1" name="actionClass.ActionsScripts" time="11.555" errors="0" timestamp="2022-04-29T15:14:18 IST" skipped="0">
  <testcase classname="actionClass.ActionsScripts" name="Google" time="11.555"/>
  <system-out/>
</testsuite> <!-- actionClass.ActionsScripts -->
