<?xml version="1.0" encoding="UTF-8"?>
<!-- Generated by org.testng.reporters.JUnitReportReporter -->
<testsuite hostname="DESKTOP-8CID97K" failures="0" tests="1" name="testNG.TestngFirstProgram" time="5.572" errors="0" timestamp="2022-04-22T07:04:54 IST" skipped="0">
  <testcase classname="testNG.TestngFirstProgram" name="withouttimeout" time="5.572"/>
  <system-out/>
</testsuite> <!-- testNG.TestngFirstProgram -->
