<?xml version="1.0" encoding="UTF-8"?>
<!-- Generated by org.testng.reporters.JUnitReportReporter -->
<testsuite hostname="DESKTOP-8CID97K" failures="0" tests="1" name="testNG.DropDown" time="4.983" errors="0" timestamp="2022-04-25T09:08:14 IST" skipped="0">
  <testcase classname="testNG.DropDown" name="dropDown" time="4.983"/>
  <system-out/>
</testsuite> <!-- testNG.DropDown -->
