<?xml version="1.0" encoding="UTF-8"?>
<!-- Generated by org.testng.reporters.JUnitReportReporter -->
<testsuite hostname="DESKTOP-8CID97K" failures="0" tests="3" name="testNG.DataProvider" time="11.135" errors="0" timestamp="2022-04-22T07:34:13 IST" skipped="0">
  <testcase classname="testNG.DataProvider" name="login" time="4.545"/>
  <system-out/>
  <testcase classname="testNG.DataProvider" name="login" time="5.093"/>
  <system-out/>
  <testcase classname="testNG.DataProvider" name="login" time="1.497"/>
  <system-out/>
</testsuite> <!-- testNG.DataProvider -->
