<?xml version="1.0" encoding="UTF-8"?>
<!-- Generated by org.testng.reporters.JUnitReportReporter -->
<testsuite hostname="DESKTOP-8CID97K" failures="0" tests="1" name="screenshot.SelectedLocator" time="11.084" errors="0" timestamp="2022-05-11T09:22:49 IST" skipped="0">
  <testcase classname="screenshot.SelectedLocator" name="TakeScreenShot" time="11.084"/>
  <system-out/>
</testsuite> <!-- screenshot.SelectedLocator -->
