<?xml version="1.0" encoding="UTF-8"?>
<!-- Generated by org.testng.reporters.JUnitReportReporter -->
<testsuite hostname="DESKTOP-8CID97K" failures="0" tests="1" name="screenshot.BugScreenshot" time="9.448" errors="0" timestamp="2022-05-11T09:11:09 IST" skipped="0">
  <testcase classname="screenshot.BugScreenshot" name="TakeScreenshot" time="9.448"/>
  <system-out/>
</testsuite> <!-- screenshot.BugScreenshot -->
