<?xml version="1.0" encoding="UTF-8"?>
<!-- Generated by org.testng.reporters.JUnitReportReporter -->
<testsuite hostname="DESKTOP-8CID97K" failures="0" tests="1" name="actionClass.ActionsAdvanced" time="3.511" errors="0" timestamp="2022-04-27T08:44:25 IST" skipped="0">
  <testcase classname="actionClass.ActionsAdvanced" name="IndentifyLoacatorElement" time="3.511"/>
  <system-out/>
</testsuite> <!-- actionClass.ActionsAdvanced -->
