<?xml version="1.0" encoding="UTF-8"?>
<!-- Generated by org.testng.reporters.JUnitReportReporter -->
<testsuite hostname="DESKTOP-8CID97K" failures="0" tests="3" name="testNG.GroupTest" time="6.360" errors="0" timestamp="2022-04-21T08:51:14 IST" skipped="0">
  <testcase classname="testNG.GroupTest" name="googleLangs" time="0.784"/>
  <system-out/>
  <testcase classname="testNG.GroupTest" name="google" time="1.350"/>
  <system-out/>
  <testcase classname="testNG.GroupTest" name="gmail" time="4.226"/>
  <system-out/>
</testsuite> <!-- testNG.GroupTest -->
