<?xml version="1.0" encoding="UTF-8"?>
<!-- Generated by org.testng.reporters.JUnitReportReporter -->
<testsuite hostname="DESKTOP-8CID97K" failures="0" tests="1" name="dataDriven.DataDrivenValidation" time="49.482" errors="0" timestamp="2022-05-09T10:22:18 IST" skipped="0">
  <testcase classname="dataDriven.DataDrivenValidation" name="dataDrivenValidation" time="49.482"/>
  <system-out/>
</testsuite> <!-- dataDriven.DataDrivenValidation -->
